Start time: 15:40:20 on Sep 07,2022
qverilog top.svh 
-- Compiling module counter16bit
-- Compiling interface counter_intf
-- Compiling package top_svh_unit
** Warning: gen.sv(12): (qverilog-2240) Treating stand-alone use of function 'randomize' as an implicit VOID cast.
-- Compiling interface counter_intf
-- Compiling module tb

Top level modules:
	tb
# vsim -lib work top_svh_unit tb -c -do "run -all; quit -f" -appendlog -l qverilog.log -vopt 
# ** Note: (vsim-3812) Design is being optimized...
# 
# ** Warning: tb.sv(10): (vopt-2241) Connection width does not match width of port 'loadin'. The port definition is at: counter16.sv(1).
# 
# ** Warning: tb.sv(10): (vopt-2241) Connection width does not match width of port 'ud'. The port definition is at: counter16.sv(1).
# 
# ** Warning: gen.sv(12): (vopt-2240) Treating stand-alone use of function 'randomize' as an implicit VOID cast.
# 
# //  Questa Sim-64
# //  Version 10.4e win64 Apr  9 2016
# //
# //  Copyright 1991-2016 Mentor Graphics Corporation
# //  All Rights Reserved.
# //
# //  THIS WORK CONTAINS TRADE SECRET AND PROPRIETARY INFORMATION
# //  WHICH IS THE PROPERTY OF MENTOR GRAPHICS CORPORATION OR ITS
# //  LICENSORS AND IS SUBJECT TO LICENSE TERMS.
# //  THIS DOCUMENT CONTAINS TRADE SECRETS AND COMMERCIAL OR FINANCIAL
# //  INFORMATION THAT ARE PRIVILEGED, CONFIDENTIAL, AND EXEMPT FROM
# //  DISCLOSURE UNDER THE FREEDOM OF INFORMATION ACT, 5 U.S.C. SECTION 552.
# //  FURTHERMORE, THIS INFORMATION IS PROHIBITED FROM DISCLOSURE UNDER
# //  THE TRADE SECRETS ACT, 18 U.S.C. SECTION 1905.
# //
# Loading sv_std.std
# Loading work.top_svh_unit(fast)
# Loading work.tb(fast)
# Loading work.counter_intf(fast)
# run -all
# [GEN] : Data send to driver
# [DRV]: Interface Trigger
# [MON]: Data sent to scoreboard
# [SCO] : Data Rcvd
# [MON]: Data sent to scoreboard
# [SCO] : Data Rcvd
# [MON]: Data sent to scoreboard
# [SCO] : Data Rcvd
# [MON]: Data sent to scoreboard
# [SCO] : Data Rcvd
# [MON]: Data sent to scoreboard
# [SCO] : Data Rcvd
# [MON]: Data sent to scoreboard
# [SCO] : Data Rcvd
# [MON]: Data sent to scoreboard
# [SCO] : Data Rcvd
# [MON]: Data sent to scoreboard
# [SCO] : Data Rcvd
# [MON]: Data sent to scoreboard
# [SCO] : Data Rcvd
# [MON]: Data sent to scoreboard
# [SCO] : Data Rcvd
# [MON]: Data sent to scoreboard
# [SCO] : Data Rcvd
# [MON]: Data sent to scoreboard
# [SCO] : Data Rcvd
# [MON]: Data sent to scoreboard
# [SCO] : Data Rcvd
# [MON]: Data sent to scoreboard
# [SCO] : Data Rcvd
# [MON]: Data sent to scoreboard
# [SCO] : Data Rcvd
# [MON]: Data sent to scoreboard
# [SCO] : Data Rcvd
# [MON]: Data sent to scoreboard
# [SCO] : Data Rcvd
# [MON]: Data sent to scoreboard
# [SCO] : Data Rcvd
# [MON]: Data sent to scoreboard
# [SCO] : Data Rcvd
# [MON]: Data sent to scoreboard
# [SCO] : Data Rcvd
# [MON]: Data sent to scoreboard
# [SCO] : Data Rcvd
# [MON]: Data sent to scoreboard
# [SCO] : Data Rcvd
# [MON]: Data sent to scoreboard
# [SCO] : Data Rcvd
# [MON]: Data sent to scoreboard
# [SCO] : Data Rcvd
# [MON]: Data sent to scoreboard
# [SCO] : Data Rcvd
# [MON]: Data sent to scoreboard
# [SCO] : Data Rcvd
# [MON]: Data sent to scoreboard
# [SCO] : Data Rcvd
# [MON]: Data sent to scoreboard
# [SCO] : Data Rcvd
# [MON]: Data sent to scoreboard
# [SCO] : Data Rcvd
# [MON]: Data sent to scoreboard
# [SCO] : Data Rcvd
# [MON]: Data sent to scoreboard
# [SCO] : Data Rcvd
# [MON]: Data sent to scoreboard
# [SCO] : Data Rcvd
# [MON]: Data sent to scoreboard
# [SCO] : Data Rcvd
# [MON]: Data sent to scoreboard
# [SCO] : Data Rcvd
# [MON]: Data sent to scoreboard
# [SCO] : Data Rcvd
# [MON]: Data sent to scoreboard
# [SCO] : Data Rcvd
# [MON]: Data sent to scoreboard
# [SCO] : Data Rcvd
# [MON]: Data sent to scoreboard
# [SCO] : Data Rcvd
# [MON]: Data sent to scoreboard
# [SCO] : Data Rcvd
# [MON]: Data sent to scoreboard
# [SCO] : Data Rcvd
# [MON]: Data sent to scoreboard
# [SCO] : Data Rcvd
# [MON]: Data sent to scoreboard
# [SCO] : Data Rcvd
# [MON]: Data sent to scoreboard
# [SCO] : Data Rcvd
# [MON]: Data sent to scoreboard
# [SCO] : Data Rcvd
# [MON]: Data sent to scoreboard
# [SCO] : Data Rcvd
# [MON]: Data sent to scoreboard
# [SCO] : Data Rcvd
# [MON]: Data sent to scoreboard
# [SCO] : Data Rcvd
# [MON]: Data sent to scoreboard
# [SCO] : Data Rcvd
# [MON]: Data sent to scoreboard
# [SCO] : Data Rcvd
# [MON]: Data sent to scoreboard
# [SCO] : Data Rcvd
# [MON]: Data sent to scoreboard
# [SCO] : Data Rcvd
# ** Note: $finish    : tb.sv(25)
#    Time: 500 ns  Iteration: 0  Instance: /tb
# End time: 15:40:23 on Sep 07,2022, Elapsed time: 0:00:03
# Errors: 0, Warnings: 4
